# JRE version: OpenJDK Runtime Environment Temurin-21.0.11+10 (21.0.11+10) (build 21.0.11+10-LTS)
# Java VM: OpenJDK 64-Bit Server VM Temurin-21.0.11+10 (21.0.11+10-LTS, mixed mode, sharing, tiered, compressed oops, compressed class ptrs, parallel gc, windows-amd64)
GC Precious Log:
 CardTable entry size: 512
 CPUs: 4 total, 4 available
 Memory: 7926M
 Large Page Support: Disabled
 NUMA Support: Disabled
 Compressed Oops: Enabled (32-bit)
 Alignments: Space 512K, Generation 512K, Heap 2M
 Heap Min Capacity: 100M
 Heap Initial Capacity: 100M
 Heap Max Capacity: 2G
 Pre-touch: Disabled
 Parallel Workers: 4
Heap:
 PSYoungGen      total 7680K, used 4222K [0x00000000d5580000, 0x00000000d6180000, 0x0000000100000000)
  eden space 7168K, 57% used [0x00000000d5580000,0x00000000d597f9c0,0x00000000d5c80000)
  from space 512K, 25% used [0x00000000d6080000,0x00000000d60a0000,0x00000000d6100000)
  to   space 512K, 0% used [0x00000000d6100000,0x00000000d6100000,0x00000000d6180000)
 ParOldGen       total 820736K, used 820450K [0x0000000080000000, 0x00000000b2180000, 0x00000000d5580000)
  object space 820736K, 99% used [0x0000000080000000,0x00000000b21389a0,0x00000000b2180000)
 Metaspace       used 85353K, committed 87168K, reserved 1179648K
  class space    used 8765K, committed 9600K, reserved 1048576K
GC Heap History (20 events):
Event: 3065.024 GC heap before
{Heap before GC invocations=2100 (full 4):
 PSYoungGen      total 7680K, used 7392K [0x00000000d5580000, 0x00000000d5f00000, 0x0000000100000000)
  eden space 7168K, 100% used [0x00000000d5580000,0x00000000d5c80000,0x00000000d5c80000)
  from space 512K, 43% used [0x00000000d5e00000,0x00000000d5e38020,0x00000000d5e80000)
  to   space 512K, 0% used [0x00000000d5e80000,0x00000000d5e80000,0x00000000d5f00000)
 ParOldGen       total 817664K, used 817266K [0x0000000080000000, 0x00000000b1e80000, 0x00000000d5580000)
  object space 817664K, 99% used [0x0000000080000000,0x00000000b1e1c990,0x00000000b1e80000)
 Metaspace       used 85351K, committed 87104K, reserved 1179648K
  class space    used 8765K, committed 9600K, reserved 1048576K
}
Event: 3065.026 GC heap after
{Heap after GC invocations=2100 (full 4):
 PSYoungGen      total 7680K, used 495K [0x00000000d5580000, 0x00000000d5f00000, 0x0000000100000000)
  eden space 7168K, 0% used [0x00000000d5580000,0x00000000d5580000,0x00000000d5c80000)
  from space 512K, 96% used [0x00000000d5e80000,0x00000000d5efbc80,0x00000000d5f00000)
  to   space 1024K, 0% used [0x00000000d5d00000,0x00000000d5d00000,0x00000000d5e00000)
 ParOldGen       total 817664K, used 817570K [0x0000000080000000, 0x00000000b1e80000, 0x00000000d5580000)
  object space 817664K, 99% used [0x0000000080000000,0x00000000b1e689a0,0x00000000b1e80000)
 Metaspace       used 85351K, committed 87104K, reserved 1179648K
  class space    used 8765K, committed 9600K, reserved 1048576K
}
Event: 3065.037 GC heap before
{Heap before GC invocations=2101 (full 4):
 PSYoungGen      total 7680K, used 7663K [0x00000000d5580000, 0x00000000d5f00000, 0x0000000100000000)
  eden space 7168K, 100% used [0x00000000d5580000,0x00000000d5c80000,0x00000000d5c80000)
  from space 512K, 96% used [0x00000000d5e80000,0x00000000d5efbc80,0x00000000d5f00000)
  to   space 1024K, 0% used [0x00000000d5d00000,0x00000000d5d00000,0x00000000d5e00000)
 ParOldGen       total 817664K, used 817570K [0x0000000080000000, 0x00000000b1e80000, 0x00000000d5580000)
  object space 817664K, 99% used [0x0000000080000000,0x00000000b1e689a0,0x00000000b1e80000)
 Metaspace       used 85351K, committed 87104K, reserved 1179648K
  class space    used 8765K, committed 9600K, reserved 1048576K
}
Event: 3065.041 GC heap after
{Heap after GC invocations=2101 (full 4):
 PSYoungGen      total 8192K, used 1007K [0x00000000d5580000, 0x00000000d6580000, 0x0000000100000000)
  eden space 7168K, 0% used [0x00000000d5580000,0x00000000d5580000,0x00000000d5c80000)
  from space 1024K, 98% used [0x00000000d5d00000,0x00000000d5dfbc80,0x00000000d5e00000)
  to   space 4608K, 0% used [0x00000000d6100000,0x00000000d6100000,0x00000000d6580000)
 ParOldGen       total 820736K, used 820306K [0x0000000080000000, 0x00000000b2180000, 0x00000000d5580000)
  object space 820736K, 99% used [0x0000000080000000,0x00000000b21149a0,0x00000000b2180000)
 Metaspace       used 85351K, committed 87104K, reserved 1179648K
  class space    used 8765K, committed 9600K, reserved 1048576K
}
Event: 3066.269 GC heap before
{Heap before GC invocations=2102 (full 4):
 PSYoungGen      total 8192K, used 8175K [0x00000000d5580000, 0x00000000d6580000, 0x0000000100000000)
  eden space 7168K, 100% used [0x00000000d5580000,0x00000000d5c80000,0x00000000d5c80000)
  from space 1024K, 98% used [0x00000000d5d00000,0x00000000d5dfbc80,0x00000000d5e00000)
  to   space 4608K, 0% used [0x00000000d6100000,0x00000000d6100000,0x00000000d6580000)
 ParOldGen       total 820736K, used 820306K [0x0000000080000000, 0x00000000b2180000, 0x00000000d5580000)
  object space 820736K, 99% used [0x0000000080000000,0x00000000b21149a0,0x00000000b2180000)
 Metaspace       used 85351K, committed 87104K, reserved 1179648K
  class space    used 8765K, committed 9600K, reserved 1048576K
}
Event: 3066.271 GC heap after
{Heap after GC invocations=2102 (full 4):
 PSYoungGen      total 7680K, used 128K [0x00000000d5580000, 0x00000000d6180000, 0x0000000100000000)
  eden space 7168K, 0% used [0x00000000d5580000,0x00000000d5580000,0x00000000d5c80000)
  from space 512K, 25% used [0x00000000d6100000,0x00000000d6120000,0x00000000d6180000)
  to   space 1536K, 0% used [0x00000000d5e80000,0x00000000d5e80000,0x00000000d6000000)
 ParOldGen       total 820736K, used 820314K [0x0000000080000000, 0x00000000b2180000, 0x00000000d5580000)
  object space 820736K, 99% used [0x0000000080000000,0x00000000b21169a0,0x00000000b2180000)
 Metaspace       used 85351K, committed 87104K, reserved 1179648K
  class space    used 8765K, committed 9600K, reserved 1048576K
}
Event: 3067.575 GC heap before
{Heap before GC invocations=2103 (full 4):
 PSYoungGen      total 7680K, used 7296K [0x00000000d5580000, 0x00000000d6180000, 0x0000000100000000)
  eden space 7168K, 100% used [0x00000000d5580000,0x00000000d5c80000,0x00000000d5c80000)
  from space 512K, 25% used [0x00000000d6100000,0x00000000d6120000,0x00000000d6180000)
  to   space 1536K, 0% used [0x00000000d5e80000,0x00000000d5e80000,0x00000000d6000000)
 ParOldGen       total 820736K, used 820314K [0x0000000080000000, 0x00000000b2180000, 0x00000000d5580000)
  object space 820736K, 99% used [0x0000000080000000,0x00000000b21169a0,0x00000000b2180000)
 Metaspace       used 85351K, committed 87104K, reserved 1179648K
  class space    used 8765K, committed 9600K, reserved 1048576K
}
Event: 3067.578 GC heap after
{Heap after GC invocations=2103 (full 4):
 PSYoungGen      total 8704K, used 128K [0x00000000d5580000, 0x00000000d6180000, 0x0000000100000000)
  eden space 7168K, 0% used [0x00000000d5580000,0x00000000d5580000,0x00000000d5c80000)
  from space 1536K, 8% used [0x00000000d5e80000,0x00000000d5ea0000,0x00000000d6000000)
  to   space 512K, 0% used [0x00000000d6100000,0x00000000d6100000,0x00000000d6180000)
 ParOldGen       total 820736K, used 820346K [0x0000000080000000, 0x00000000b2180000, 0x00000000d5580000)
  object space 820736K, 99% used [0x0000000080000000,0x00000000b211e9a0,0x00000000b2180000)
 Metaspace       used 85351K, committed 87104K, reserved 1179648K
  class space    used 8765K, committed 9600K, reserved 1048576K
}
Event: 3068.570 GC heap before
{Heap before GC invocations=2104 (full 4):
 PSYoungGen      total 8704K, used 7296K [0x00000000d5580000, 0x00000000d6180000, 0x0000000100000000)
  eden space 7168K, 100% used [0x00000000d5580000,0x00000000d5c80000,0x00000000d5c80000)
  from space 1536K, 8% used [0x00000000d5e80000,0x00000000d5ea0000,0x00000000d6000000)
  to   space 512K, 0% used [0x00000000d6100000,0x00000000d6100000,0x00000000d6180000)
 ParOldGen       total 820736K, used 820346K [0x0000000080000000, 0x00000000b2180000, 0x00000000d5580000)
  object space 820736K, 99% used [0x0000000080000000,0x00000000b211e9a0,0x00000000b2180000)
 Metaspace       used 85351K, committed 87104K, reserved 1179648K
  class space    used 8765K, committed 9600K, reserved 1048576K
}
Event: 3068.574 GC heap after
{Heap after GC invocations=2104 (full 4):
 PSYoungGen      total 7680K, used 224K [0x00000000d5580000, 0x00000000d6180000, 0x0000000100000000)
  eden space 7168K, 0% used [0x00000000d5580000,0x00000000d5580000,0x00000000d5c80000)
  from space 512K, 43% used [0x00000000d6100000,0x00000000d6138000,0x00000000d6180000)
  to   space 512K, 0% used [0x00000000d6080000,0x00000000d6080000,0x00000000d6100000)
 ParOldGen       total 820736K, used 820370K [0x0000000080000000, 0x00000000b2180000, 0x00000000d5580000)
  object space 820736K, 99% used [0x0000000080000000,0x00000000b21249a0,0x00000000b2180000)
 Metaspace       used 85351K, committed 87104K, reserved 1179648K
  class space    used 8765K, committed 9600K, reserved 1048576K
}
Event: 3071.791 GC heap before
{Heap before GC invocations=2105 (full 4):
 PSYoungGen      total 7680K, used 7392K [0x00000000d5580000, 0x00000000d6180000, 0x0000000100000000)
  eden space 7168K, 100% used [0x00000000d5580000,0x00000000d5c80000,0x00000000d5c80000)
  from space 512K, 43% used [0x00000000d6100000,0x00000000d6138000,0x00000000d6180000)
  to   space 512K, 0% used [0x00000000d6080000,0x00000000d6080000,0x00000000d6100000)
 ParOldGen       total 820736K, used 820370K [0x0000000080000000, 0x00000000b2180000, 0x00000000d5580000)
  object space 820736K, 99% used [0x0000000080000000,0x00000000b21249a0,0x00000000b2180000)
 Metaspace       used 85351K, committed 87104K, reserved 1179648K
  class space    used 8765K, committed 9600K, reserved 1048576K
}
Event: 3071.797 GC heap after
{Heap after GC invocations=2105 (full 4):
 PSYoungGen      total 7680K, used 128K [0x00000000d5580000, 0x00000000d6180000, 0x0000000100000000)
  eden space 7168K, 0% used [0x00000000d5580000,0x00000000d5580000,0x00000000d5c80000)
  from space 512K, 25% used [0x00000000d6080000,0x00000000d60a0000,0x00000000d6100000)
  to   space 512K, 0% used [0x00000000d6100000,0x00000000d6100000,0x00000000d6180000)
 ParOldGen       total 820736K, used 820378K [0x0000000080000000, 0x00000000b2180000, 0x00000000d5580000)
  object space 820736K, 99% used [0x0000000080000000,0x00000000b21269a0,0x00000000b2180000)
 Metaspace       used 85351K, committed 87104K, reserved 1179648K
  class space    used 8765K, committed 9600K, reserved 1048576K
}
Event: 3072.734 GC heap before
{Heap before GC invocations=2106 (full 4):
 PSYoungGen      total 7680K, used 7296K [0x00000000d5580000, 0x00000000d6180000, 0x0000000100000000)
  eden space 7168K, 100% used [0x00000000d5580000,0x00000000d5c80000,0x00000000d5c80000)
  from space 512K, 25% used [0x00000000d6080000,0x00000000d60a0000,0x00000000d6100000)
  to   space 512K, 0% used [0x00000000d6100000,0x00000000d6100000,0x00000000d6180000)
 ParOldGen       total 820736K, used 820378K [0x0000000080000000, 0x00000000b2180000, 0x00000000d5580000)
  object space 820736K, 99% used [0x0000000080000000,0x00000000b21269a0,0x00000000b2180000)
 Metaspace       used 85351K, committed 87104K, reserved 1179648K
  class space    used 8765K, committed 9600K, reserved 1048576K
}
Event: 3072.738 GC heap after
{Heap after GC invocations=2106 (full 4):
 PSYoungGen      total 7680K, used 224K [0x00000000d5580000, 0x00000000d6180000, 0x0000000100000000)
  eden space 7168K, 0% used [0x00000000d5580000,0x00000000d5580000,0x00000000d5c80000)
  from space 512K, 43% used [0x00000000d6100000,0x00000000d6138000,0x00000000d6180000)
  to   space 512K, 0% used [0x00000000d6080000,0x00000000d6080000,0x00000000d6100000)
 ParOldGen       total 820736K, used 820402K [0x0000000080000000, 0x00000000b2180000, 0x00000000d5580000)
  object space 820736K, 99% used [0x0000000080000000,0x00000000b212c9a0,0x00000000b2180000)
 Metaspace       used 85351K, committed 87104K, reserved 1179648K
  class space    used 8765K, committed 9600K, reserved 1048576K
}
Event: 3074.049 GC heap before
{Heap before GC invocations=2107 (full 4):
 PSYoungGen      total 7680K, used 7392K [0x00000000d5580000, 0x00000000d6180000, 0x0000000100000000)
  eden space 7168K, 100% used [0x00000000d5580000,0x00000000d5c80000,0x00000000d5c80000)
  from space 512K, 43% used [0x00000000d6100000,0x00000000d6138000,0x00000000d6180000)
  to   space 512K, 0% used [0x00000000d6080000,0x00000000d6080000,0x00000000d6100000)
 ParOldGen       total 820736K, used 820402K [0x0000000080000000, 0x00000000b2180000, 0x00000000d5580000)
  object space 820736K, 99% used [0x0000000080000000,0x00000000b212c9a0,0x00000000b2180000)
 Metaspace       used 85353K, committed 87168K, reserved 1179648K
  class space    used 8765K, committed 9600K, reserved 1048576K
}
Event: 3074.051 GC heap after
{Heap after GC invocations=2107 (full 4):
 PSYoungGen      total 7680K, used 160K [0x00000000d5580000, 0x00000000d6180000, 0x0000000100000000)
  eden space 7168K, 0% used [0x00000000d5580000,0x00000000d5580000,0x00000000d5c80000)
  from space 512K, 31% used [0x00000000d6080000,0x00000000d60a8000,0x00000000d6100000)
  to   space 512K, 0% used [0x00000000d6100000,0x00000000d6100000,0x00000000d6180000)
 ParOldGen       total 820736K, used 820426K [0x0000000080000000, 0x00000000b2180000, 0x00000000d5580000)
  object space 820736K, 99% used [0x0000000080000000,0x00000000b21329a0,0x00000000b2180000)
 Metaspace       used 85353K, committed 87168K, reserved 1179648K
  class space    used 8765K, committed 9600K, reserved 1048576K
}
Event: 3075.199 GC heap before
{Heap before GC invocations=2108 (full 4):
 PSYoungGen      total 7680K, used 7328K [0x00000000d5580000, 0x00000000d6180000, 0x0000000100000000)
  eden space 7168K, 100% used [0x00000000d5580000,0x00000000d5c80000,0x00000000d5c80000)
  from space 512K, 31% used [0x00000000d6080000,0x00000000d60a8000,0x00000000d6100000)
  to   space 512K, 0% used [0x00000000d6100000,0x00000000d6100000,0x00000000d6180000)
 ParOldGen       total 820736K, used 820426K [0x0000000080000000, 0x00000000b2180000, 0x00000000d5580000)
  object space 820736K, 99% used [0x0000000080000000,0x00000000b21329a0,0x00000000b2180000)
 Metaspace       used 85353K, committed 87168K, reserved 1179648K
  class space    used 8765K, committed 9600K, reserved 1048576K
}
Event: 3075.203 GC heap after
{Heap after GC invocations=2108 (full 4):
 PSYoungGen      total 7680K, used 128K [0x00000000d5580000, 0x00000000d6180000, 0x0000000100000000)
  eden space 7168K, 0% used [0x00000000d5580000,0x00000000d5580000,0x00000000d5c80000)
  from space 512K, 25% used [0x00000000d6100000,0x00000000d6120000,0x00000000d6180000)
  to   space 512K, 0% used [0x00000000d6080000,0x00000000d6080000,0x00000000d6100000)
 ParOldGen       total 820736K, used 820434K [0x0000000080000000, 0x00000000b2180000, 0x00000000d5580000)
  object space 820736K, 99% used [0x0000000080000000,0x00000000b21349a0,0x00000000b2180000)
 Metaspace       used 85353K, committed 87168K, reserved 1179648K
  class space    used 8765K, committed 9600K, reserved 1048576K
}
Event: 3079.125 GC heap before
{Heap before GC invocations=2109 (full 4):
 PSYoungGen      total 7680K, used 7296K [0x00000000d5580000, 0x00000000d6180000, 0x0000000100000000)
  eden space 7168K, 100% used [0x00000000d5580000,0x00000000d5c80000,0x00000000d5c80000)
  from space 512K, 25% used [0x00000000d6100000,0x00000000d6120000,0x00000000d6180000)
  to   space 512K, 0% used [0x00000000d6080000,0x00000000d6080000,0x00000000d6100000)
 ParOldGen       total 820736K, used 820434K [0x0000000080000000, 0x00000000b2180000, 0x00000000d5580000)
  object space 820736K, 99% used [0x0000000080000000,0x00000000b21349a0,0x00000000b2180000)
 Metaspace       used 85353K, committed 87168K, reserved 1179648K
  class space    used 8765K, committed 9600K, reserved 1048576K
}
Event: 3079.131 GC heap after
{Heap after GC invocations=2109 (full 4):
 PSYoungGen      total 7680K, used 128K [0x00000000d5580000, 0x00000000d6180000, 0x0000000100000000)
  eden space 7168K, 0% used [0x00000000d5580000,0x00000000d5580000,0x00000000d5c80000)
  from space 512K, 25% used [0x00000000d6080000,0x00000000d60a0000,0x00000000d6100000)
  to   space 512K, 0% used [0x00000000d6100000,0x00000000d6100000,0x00000000d6180000)
 ParOldGen       total 820736K, used 820450K [0x0000000080000000, 0x00000000b2180000, 0x00000000d5580000)
  object space 820736K, 99% used [0x0000000080000000,0x00000000b21389a0,0x00000000b2180000)
 Metaspace       used 85353K, committed 87168K, reserved 1179648K
  class space    used 8765K, committed 9600K, reserved 1048576K
}

